make all --print-data-base --no-builtin-variables --no-builtin-rules --question
# GNU Make 4.2.1
# Built for x86_64-pc-linux-gnu
# Copyright (C) 1988-2016 Free Software Foundation, Inc.
# License GPLv3+: GNU GPL version 3 or later <http://gnu.org/licenses/gpl.html>
# This is free software: you are free to change and redistribute it.
# There is NO WARRANTY, to the extent permitted by law.

# Make data base, printed on Sun Apr 24 14:29:38 2022

# Variables

# automatic
<D = $(patsubst %/,%,$(dir $<))
# automatic
?F = $(notdir $?)
# environment
DESKTOP_SESSION = cinnamon
# default
.SHELLFLAGS := -c
# environment
XDG_SESSION_CLASS = user
# environment
XDG_SESSION_TYPE = x11
# environment
VSCODE_LOG_NATIVE = false
# environment
 
GTK3_MODULES = xapp-gtk3-module
# automatic
?D = $(patsubst %/,%,$(dir $?))
# automatic
@D = $(patsubst %/,%,$(dir $@))
# environment
XAUTHORITY = /home/vadim/.Xauthority
# environment
GDMSESSION = cinnamon
# default
MAKE_VERSION := 4.2.1
# makefile
CURDIR := /home/vadim/geometry-Kirpitchnsk
# makefile
SHELL = /bin/sh
# environment
GDM_LANG = ru
# environment
VSCODE_NLS_CONFIG = {"locale":"ru","availableLanguages":{"*":"ru"},"_languagePackId":"2b7693ea843d12cbb2e09a3b62281ac8.ru","_translationsConfigFile":"/home/vadim/.config/Code/clp/2b7693ea843d12cbb2e09a3b62281ac8.ru/tcf.json","_cacheRoot":"/home/vadim/.config/Code/clp/2b7693ea843d12cbb2e09a3b62281ac8.ru","_resolvedLanguagePackCoreLocation":"/home/vadim/.config/Code/clp/2b7693ea843d12cbb2e09a3b62281ac8.ru/dfd34e8260c270da74b5c2d86d61aee4b6d56977","_corruptedFile":"/home/vadim/.config/Code/clp/2b7693ea843d12cbb2e09a3b62281ac8.ru/corrupted.info","_languagePackSupport":true}
# environment
_ = /usr/share/code/code
# makefile (from 'Makefile', line 1)
CFLAGS = -Wall -Wextra -Werror
# environment
XDG_CONFIG_DIRS = /etc/xdg/xdg-cinnamon:/etc/xdg
# environment
GTK_OVERLAY_SCROLLING = 1
# makefile (from 'Makefile', line 1)
MAKEFILE_LIST :=  Makefile
# automatic
@F = $(notdir $@)
# environment
GIO_LAUNCHED_DESKTOP_FILE = /usr/share/applications/code.desktop
# 'override' directive
GNUMAKEFLAGS := 
# environment
XDG_DATA_DIRS = /usr/share/cinnamon:/usr/share/gnome:/home/vadim/.local/share/flatpak/exports/share:/var/lib/flatpak/exports/share:/usr/local/share:/usr/share
# environment
DBUS_SESSION_BUS_ADDRESS = unix:path=/run/user/1000/bus
# environment
VSCODE_VERBOSE_LOGGING = true
# environment
LESSOPEN = | /usr/bin/lesspipe %s
# environment
VSCODE_CWD = /home/vadim
# environment
XDG_SESSION_PATH = /org/freedesktop/DisplayManager/Session0
# default
MAKE_HOST := x86_64-pc-linux-gnu
# environment
PATH = /usr/local/sbin:/usr/local/bin:/usr/sbin:/usr/bin:/sbin:/bin:/usr/games:/usr/local/games:/snap/bin
# environment
GPG_AGENT_INFO = /run/user/1000/gnupg/S.gpg-agent:0:1
# environment
SESSION_MANAGER = local/vadim-virtual-machine:@/tmp/.ICE-unix/1305,unix/vadim-virtual-machine:/tmp/.ICE-unix/1305
# environment
XDG_RUNTIME_DIR = /run/user/1000
# makefile (from 'Makefile', line 2)
CCFLAGS = -Wall -Wextra -Wconversion -Wredundant-decls -Wshadow -Wno-unused-parameter
# environment
VSCODE_LOG_STACK = false
# environment
ELECTRON_RUN_AS_NODE = 1
# default
.FEATURES := target-specific order-only second-expansion else-if shortest-stem undefine oneshell archives jobserver output-sync check-symlink load
# environment
XDG_GREETER_DATA_DIR = /var/lib/lightdm-data/vadim
# environment
LS_COLORS = 
# environment
INSIDE_NEMO_PYTHON = 
 
# environment
 
XDG_SESSION_DESKTOP = cinnamon
# environment
SSH_AUTH_SOCK = /run/user/1000/keyring/ssh
# environment
GIO_LAUNCHED_DESKTOP_FILE_PID = 12457
# automatic
%F = $(notdir $%)
# environment
DISPLAY = :0
# environment
VSCODE_PIPE_LOGGING = true
# environment
PWD = /home/vadim/geometry-Kirpitchnsk
# environment
QT_QPA_PLATFORMTHEME = qt5ct
# default
.LOADED := 
# environment
XDG_SEAT = seat0
# environment
SSH_AGENT_PID = 1393
# environment
ORIGINAL_XDG_CURRENT_DESKTOP = X-Cinnamon
# environment
GTK_MODULES = gail:atk-bridge
# environment
VSCODE_AMD_ENTRYPOINT = vs/workbench/api/node/extensionHostProcess
# environment
HOME = /home/vadim
# environment
LESSCLOSE = /usr/bin/lesspipe %s %s
# environment
VSCODE_CODE_CACHE_PATH = /home/vadim/.config/Code/CachedData/dfd34e8260c270da74b5c2d86d61aee4b6d56977
# environment
LOGNAME = vadim
# environment
APPLICATION_INSIGHTS_NO_DIAGNOSTIC_CHANNEL = 1
# environment
VSCODE_HANDLES_UNCAUGHT_ERRORS = true
# environment
GNOME_DESKTOP_SESSION_ID = this-is-deprecated
# automatic
^D = $(patsubst %/,%,$(dir $^))
# environment
XDG_VTNR = 7
# environment
MAKELEVEL := 0
# default
MAKE = $(MAKE_COMMAND)
# default
MAKECMDGOALS := all
# environment
SHLVL = 0
# environment
VSCODE_IPC_HOOK_EXTHOST = /run/user/1000/vscode-ipc-22bde802-bfe4-4805-bb7e-1c665845f600.sock
# environment
XDG_SESSION_ID = c2
# environment
USER = vadim
# makefile
.DEFAULT_GOAL := all
# environment
XDG_CURRENT_DESKTOP = X-Cinnamon
# automatic
%D = $(patsubst %/,%,$(dir $%))
 
# default
 
MAKE_COMMAND := make
 
# default
.VARIABLES := 
 
# automatic
*F = $(notdir $*)
# environment
LANGUAGE = ru
# environment
XDG_SEAT_PATH = /org/freedesktop/DisplayManager/Seat0
# environment
VSCODE_IPC_HOOK = /run/user/1000/vscode-9b987b39-1.66.2-main.sock
# makefile
MAKEFLAGS = pqrR
# environment
MFLAGS = -pqrR
# automatic
*D = $(patsubst %/,%,$(dir $*))
# automatic
+D = $(patsubst %/,%,$(dir $+))
# environment
GDK_BACKEND = x11
# automatic
+F = $(notdir $+)
# environment
CINNAMON_VERSION = 5.2.7
# environment
QT_ACCESSIBILITY = 1
# default
MAKEFILES := 
# automatic
<F = $(notdir $<)
# environment
LC_ALL = C
# environment
GJS_DEBUG_TOPICS = JS ERROR;JS LOG
# automatic
^F = $(notdir $^)
# default
SUFFIXES := 
# environment
CHROME_DESKTOP = code-url-handler.desktop
# default
.INCLUDE_DIRS = /usr/include /usr/local/include /usr/include
# environment
GJS_DEBUG_OUTPUT = stderr
# default
.RECIPEPREFIX := 
# environment
LANG = C
# environment
VSCODE_PID = 12457
# variable set hash-table stats:
# Load=102/1024=10%, Rehash=0, Collisions=8/127=6%

# Pattern-specific Variable Values

# No pattern-specific variable values.

# Directories

# . (device 2053, inode 552087): 26 files, no impossibilities.

# 26 files, no impossibilities in 1 directories.

# Implicit Rules

# No implicit rules.

# Files

all: geometry
#  Command line target.
#  Implicit rule search has been done.
#  File does not exist.
#  File has been updated.
#  Successfully updated.

.PHONY: clean
#  Implicit rule search has not been done.
#  Modification time never checked.
#  File has not been updated.

# Not a target:
Makefile:
#  Implicit rule search has been done.
 
#  Last modified 2022-04-24 14:27:42.173643146
#  File has been updated.
#  Successfully updated.

obj/src/geometry/geometry.o: src/geometry/geometry.c
#  Implicit rule search has not been done.
#  Last modified 2022-04-23 23:37:56.751703576
#  File has been updated.
#  Successfully updated.
#  recipe to execute (from 'Makefile', line 21):
	gcc -c -I src $(CFLAGS) -o $@ $< -lm

test: test-functions.o test-geometry.o
#  Implicit rule search has not been done.
#  Modification time never checked.
#  File has not been updated.
#  recipe to execute (from 'Makefile', line 15):
	gcc $(LDFLAGS) test-functions.o test-geometry.o -o tests -lm

# Not a target:
src/libgeometry/functions.c:
#  Implicit rule search has been done.
#  Last modified 2022-04-24 01:24:20.113083431
#  File has been updated.
#  Successfully updated.

test-functions.o: test/test-functions.c
#  Implicit rule search has not been done.
#  Modification time never checked.
#  File has not been updated.
#  recipe to execute (from 'Makefile', line 9):
	gcc -c $(CCFLAGS) -o $@ $< -lm

# Not a target:
.DEFAULT:
#  Implicit rule search has not been done.
#  Modification time never checked.
#  File has not been updated.

test-geometry.o: test/test-geometry.c
#  Implicit rule search has not been done.
#  Modification time never checked.
#  File has not been updated.
#  recipe to execute (from 'Makefile', line 12):
	gcc -c $(CCFLAGS) -o $@ $< -lm

bin/geometry: obj/src/geometry/geometry.o obj/src/libgeometry/libgeometry.a
#  Implicit rule search has not been done.
#  Last modified 2022-04-24 13:48:38.634298789
#  File has been updated.
#  Successfully updated.
#  recipe to execute (from 'Makefile', line 18):
	gcc $(CFLAGS) -o $@ $^ -lm

run:
#  Implicit rule search has not been done.
#  Modification time never checked.
#  File has not been updated.
#  recipe to execute (from 'Makefile', line 30):
	bin/geometry

clean:
#  Phony target (prerequisite of .PHONY).
#  Implicit rule search has not been done.
#  File does not exist.
#  File has not been updated.
#  recipe to execute (from 'Makefile', line 35):
	rm obj/src/libgeometry/*.a obj/src/libgeometry/*.o obj/src/geometry/*.o bin/geometry
	rm -f tests *.o

geometry: bin/geometry
#  Implicit rule search has been done.
#  File does not exist.
#  File has been updated.
#  Successfully updated.

# Not a target:
src/geometry/geometry.c:
#  Implicit rule search has been done.
#  Last modified 2022-04-23 23:37:47.53982312
#  File has been updated.
#  Successfully updated.

# Not a target:
test/test-functions.c:
#  Implicit rule search has not been done.
#  Modification time never checked.
#  File has not been updated.

# Not a target:
test/test-geometry.c:
#  Implicit rule search has not been done.
#  Modification time never checked.
#  File has not been updated.

obj/src/libgeometry/functions.o: src/libgeometry/functions.c
#  Implicit rule search has not been done.
#  Last modified 2022-04-24 13:48:38.458309719
#  File has been updated.
#  Successfully updated.
#  recipe to execute (from 'Makefile', line 27):
	gcc -c -I src $(CFLAGS) -o $@ $< -lm

obj/src/libgeometry/libgeometry.a: obj/src/libgeometry/functions.o
#  Implicit rule search has not been done.
#  Last modified 2022-04-24 13:48:38.482308229
#  File has been updated.
#  Successfully updated.
#  recipe to execute (from 'Makefile', line 24):
	ar rcs $@ $^

# files hash-table stats:
# Load=19/1024=2%, Rehash=0, Collisions=0/48=0%
# VPATH Search Paths

# No 'vpath' search paths.

# No general ('VPATH' variable) search path.

# strcache buffers: 1 (0) / strings = 43 / storage = 605 B / avg = 14 B
# current buf: size = 8162 B / used = 605 B / count = 43 / avg = 14 B

# strcache performance: lookups = 71 / hit rate = 39%
# hash-table stats:
# Load=43/8192=1%, Rehash=0, Collisions=1/71=1%
# Finished Make data base on Sun Apr 24 14:29:38 2022

 
